0 info it worked if it ends with ok
1 verbose cli [ '/usr/local/Cellar/node/0.8.14/bin/node',
1 verbose cli   '/usr/local/bin/npm',
1 verbose cli   'publish',
1 verbose cli   '--force' ]
2 info using npm@1.1.65
3 info using node@v0.8.14
4 verbose publish [ '.' ]
5 verbose read json /Users/evan/oj/modules/package.json
6 verbose cache add [ '.', null ]
7 silly cache add name=undefined spec="." args=[".",null]
8 verbose parsed url { pathname: '.', path: '.', href: '.' }
9 silly lockFile 3a52ce78- .
10 verbose lock . /Users/evan/.npm/3a52ce78-.lock
11 verbose read json package.json
12 silly lockFile 3a52ce78- .
13 error addLocal Could not install .
14 error Error: ENOENT, open 'package.json'
15 error If you need help, you may report this log at:
15 error     <http://github.com/isaacs/npm/issues>
15 error or email it to:
15 error     <npm-@googlegroups.com>
16 error System Darwin 12.3.0
17 error command "/usr/local/Cellar/node/0.8.14/bin/node" "/usr/local/bin/npm" "publish" "--force"
18 error cwd /Users/evan/oj/modules
19 error node -v v0.8.14
20 error npm -v 1.1.65
21 error path package.json
22 error code ENOENT
23 error errno 34
24 verbose exit [ 34, true ]
