0 info it worked if it ends with ok
1 verbose cli [ '/usr/local/Cellar/node/0.10.4/bin/node',
1 verbose cli   '/usr/local/bin/npm',
1 verbose cli   'i' ]
2 info using npm@1.2.18
3 info using node@v0.10.4
4 verbose read json /Users/evan/oj/pages/package.json
5 warn package.json ojwebsite@0.0.1 No README.md file found!
6 verbose readDependencies using package.json deps
7 verbose install where, deps [ '/Users/evan/oj/pages',
7 verbose install   [ 'oj-markdown',
7 verbose install     'oj-mustache',
7 verbose install     'oj-ace-editor',
7 verbose install     'oj-vimeo-video',
7 verbose install     'underscore' ] ]
8 verbose from cache /Users/evan/oj/pages/package.json
9 info preinstall ojwebsite@0.0.1
10 verbose read json /Users/evan/oj/pages/node_modules/normalize-css/package.json
11 verbose read json /Users/evan/oj/pages/node_modules/oj-ace-editor/package.json
12 verbose read json /Users/evan/oj/pages/node_modules/oj-markdown/package.json
13 verbose read json /Users/evan/oj/pages/node_modules/oj-mustache/package.json
14 verbose read json /Users/evan/oj/pages/node_modules/oj-twitter-follow-button/package.json
15 verbose read json /Users/evan/oj/pages/node_modules/oj-vimeo-video/package.json
16 verbose read json /Users/evan/oj/pages/node_modules/underscore/package.json
17 verbose from cache /Users/evan/oj/pages/package.json
18 verbose readDependencies using package.json deps
19 verbose from cache /Users/evan/oj/pages/node_modules/normalize-css/package.json
20 verbose from cache /Users/evan/oj/pages/node_modules/oj-ace-editor/package.json
21 verbose from cache /Users/evan/oj/pages/node_modules/oj-markdown/package.json
22 verbose from cache /Users/evan/oj/pages/node_modules/oj-mustache/package.json
23 verbose from cache /Users/evan/oj/pages/node_modules/oj-twitter-follow-button/package.json
24 verbose from cache /Users/evan/oj/pages/node_modules/oj-vimeo-video/package.json
25 verbose from cache /Users/evan/oj/pages/node_modules/underscore/package.json
26 verbose cache add [ 'oj-ace-editor@latest', null ]
27 verbose cache add name=undefined spec="oj-ace-editor@latest" args=["oj-ace-editor@latest",null]
28 verbose parsed url { protocol: null,
28 verbose parsed url   slashes: null,
28 verbose parsed url   auth: null,
28 verbose parsed url   host: null,
28 verbose parsed url   port: null,
28 verbose parsed url   hostname: null,
28 verbose parsed url   hash: null,
28 verbose parsed url   search: null,
28 verbose parsed url   query: null,
28 verbose parsed url   pathname: 'oj-ace-editor@latest',
28 verbose parsed url   path: 'oj-ace-editor@latest',
28 verbose parsed url   href: 'oj-ace-editor@latest' }
29 verbose cache add name="oj-ace-editor" spec="latest" args=["oj-ace-editor","latest"]
30 verbose parsed url { protocol: null,
30 verbose parsed url   slashes: null,
30 verbose parsed url   auth: null,
30 verbose parsed url   host: null,
30 verbose parsed url   port: null,
30 verbose parsed url   hostname: null,
30 verbose parsed url   hash: null,
30 verbose parsed url   search: null,
30 verbose parsed url   query: null,
30 verbose parsed url   pathname: 'latest',
30 verbose parsed url   path: 'latest',
30 verbose parsed url   href: 'latest' }
31 verbose addNamed [ 'oj-ace-editor', 'latest' ]
32 verbose addNamed [ null, null ]
33 verbose cache add [ 'oj-vimeo-video@latest', null ]
34 verbose cache add name=undefined spec="oj-vimeo-video@latest" args=["oj-vimeo-video@latest",null]
35 verbose parsed url { protocol: null,
35 verbose parsed url   slashes: null,
35 verbose parsed url   auth: null,
35 verbose parsed url   host: null,
35 verbose parsed url   port: null,
35 verbose parsed url   hostname: null,
35 verbose parsed url   hash: null,
35 verbose parsed url   search: null,
35 verbose parsed url   query: null,
35 verbose parsed url   pathname: 'oj-vimeo-video@latest',
35 verbose parsed url   path: 'oj-vimeo-video@latest',
35 verbose parsed url   href: 'oj-vimeo-video@latest' }
36 verbose cache add name="oj-vimeo-video" spec="latest" args=["oj-vimeo-video","latest"]
37 verbose parsed url { protocol: null,
37 verbose parsed url   slashes: null,
37 verbose parsed url   auth: null,
37 verbose parsed url   host: null,
37 verbose parsed url   port: null,
37 verbose parsed url   hostname: null,
37 verbose parsed url   hash: null,
37 verbose parsed url   search: null,
37 verbose parsed url   query: null,
37 verbose parsed url   pathname: 'latest',
37 verbose parsed url   path: 'latest',
37 verbose parsed url   href: 'latest' }
38 verbose addNamed [ 'oj-vimeo-video', 'latest' ]
39 verbose addNamed [ null, null ]
40 silly lockFile 08bfc9c0-oj-ace-editor-latest oj-ace-editor@latest
41 verbose lock oj-ace-editor@latest /Users/evan/.npm/08bfc9c0-oj-ace-editor-latest.lock
42 silly lockFile 5554062a-oj-vimeo-video-latest oj-vimeo-video@latest
43 verbose lock oj-vimeo-video@latest /Users/evan/.npm/5554062a-oj-vimeo-video-latest.lock
44 verbose cache add [ 'underscore@latest', null ]
45 verbose cache add name=undefined spec="underscore@latest" args=["underscore@latest",null]
46 verbose parsed url { protocol: null,
46 verbose parsed url   slashes: null,
46 verbose parsed url   auth: null,
46 verbose parsed url   host: null,
46 verbose parsed url   port: null,
46 verbose parsed url   hostname: null,
46 verbose parsed url   hash: null,
46 verbose parsed url   search: null,
46 verbose parsed url   query: null,
46 verbose parsed url   pathname: 'underscore@latest',
46 verbose parsed url   path: 'underscore@latest',
46 verbose parsed url   href: 'underscore@latest' }
47 verbose cache add name="underscore" spec="latest" args=["underscore","latest"]
48 verbose parsed url { protocol: null,
48 verbose parsed url   slashes: null,
48 verbose parsed url   auth: null,
48 verbose parsed url   host: null,
48 verbose parsed url   port: null,
48 verbose parsed url   hostname: null,
48 verbose parsed url   hash: null,
48 verbose parsed url   search: null,
48 verbose parsed url   query: null,
48 verbose parsed url   pathname: 'latest',
48 verbose parsed url   path: 'latest',
48 verbose parsed url   href: 'latest' }
49 verbose addNamed [ 'underscore', 'latest' ]
50 verbose addNamed [ null, null ]
51 silly lockFile 546e1155-underscore-latest underscore@latest
52 verbose lock underscore@latest /Users/evan/.npm/546e1155-underscore-latest.lock
53 info addNameTag [ 'oj-ace-editor', 'latest' ]
54 info addNameTag [ 'oj-vimeo-video', 'latest' ]
55 verbose cache add [ 'oj-mustache@latest', null ]
56 verbose cache add name=undefined spec="oj-mustache@latest" args=["oj-mustache@latest",null]
57 verbose parsed url { protocol: null,
57 verbose parsed url   slashes: null,
57 verbose parsed url   auth: null,
57 verbose parsed url   host: null,
57 verbose parsed url   port: null,
57 verbose parsed url   hostname: null,
57 verbose parsed url   hash: null,
57 verbose parsed url   search: null,
57 verbose parsed url   query: null,
57 verbose parsed url   pathname: 'oj-mustache@latest',
57 verbose parsed url   path: 'oj-mustache@latest',
57 verbose parsed url   href: 'oj-mustache@latest' }
58 verbose cache add name="oj-mustache" spec="latest" args=["oj-mustache","latest"]
59 verbose parsed url { protocol: null,
59 verbose parsed url   slashes: null,
59 verbose parsed url   auth: null,
59 verbose parsed url   host: null,
59 verbose parsed url   port: null,
59 verbose parsed url   hostname: null,
59 verbose parsed url   hash: null,
59 verbose parsed url   search: null,
59 verbose parsed url   query: null,
59 verbose parsed url   pathname: 'latest',
59 verbose parsed url   path: 'latest',
59 verbose parsed url   href: 'latest' }
60 verbose addNamed [ 'oj-mustache', 'latest' ]
61 verbose addNamed [ null, null ]
62 silly lockFile cf434a57-oj-mustache-latest oj-mustache@latest
63 verbose lock oj-mustache@latest /Users/evan/.npm/cf434a57-oj-mustache-latest.lock
64 verbose cache add [ 'oj-markdown@latest', null ]
65 verbose cache add name=undefined spec="oj-markdown@latest" args=["oj-markdown@latest",null]
66 verbose parsed url { protocol: null,
66 verbose parsed url   slashes: null,
66 verbose parsed url   auth: null,
66 verbose parsed url   host: null,
66 verbose parsed url   port: null,
66 verbose parsed url   hostname: null,
66 verbose parsed url   hash: null,
66 verbose parsed url   search: null,
66 verbose parsed url   query: null,
66 verbose parsed url   pathname: 'oj-markdown@latest',
66 verbose parsed url   path: 'oj-markdown@latest',
66 verbose parsed url   href: 'oj-markdown@latest' }
67 verbose cache add name="oj-markdown" spec="latest" args=["oj-markdown","latest"]
68 verbose parsed url { protocol: null,
68 verbose parsed url   slashes: null,
68 verbose parsed url   auth: null,
68 verbose parsed url   host: null,
68 verbose parsed url   port: null,
68 verbose parsed url   hostname: null,
68 verbose parsed url   hash: null,
68 verbose parsed url   search: null,
68 verbose parsed url   query: null,
68 verbose parsed url   pathname: 'latest',
68 verbose parsed url   path: 'latest',
68 verbose parsed url   href: 'latest' }
69 verbose addNamed [ 'oj-markdown', 'latest' ]
70 verbose addNamed [ null, null ]
71 silly lockFile 788ce4ba-oj-markdown-latest oj-markdown@latest
72 verbose lock oj-markdown@latest /Users/evan/.npm/788ce4ba-oj-markdown-latest.lock
73 info addNameTag [ 'underscore', 'latest' ]
74 verbose url raw oj-ace-editor
75 verbose url resolving [ 'https://registry.npmjs.org/', './oj-ace-editor' ]
76 verbose url resolved https://registry.npmjs.org/oj-ace-editor
77 info trying registry request attempt 1 at 16:43:01
78 http GET https://registry.npmjs.org/oj-ace-editor
79 verbose url raw oj-vimeo-video
80 verbose url resolving [ 'https://registry.npmjs.org/', './oj-vimeo-video' ]
81 verbose url resolved https://registry.npmjs.org/oj-vimeo-video
82 info trying registry request attempt 1 at 16:43:01
83 http GET https://registry.npmjs.org/oj-vimeo-video
84 info addNameTag [ 'oj-mustache', 'latest' ]
85 info addNameTag [ 'oj-markdown', 'latest' ]
86 verbose url raw oj-mustache
87 verbose url resolving [ 'https://registry.npmjs.org/', './oj-mustache' ]
88 verbose url resolved https://registry.npmjs.org/oj-mustache
89 info trying registry request attempt 1 at 16:43:01
90 http GET https://registry.npmjs.org/oj-mustache
91 verbose url raw oj-markdown
92 verbose url resolving [ 'https://registry.npmjs.org/', './oj-markdown' ]
93 verbose url resolved https://registry.npmjs.org/oj-markdown
94 info trying registry request attempt 1 at 16:43:01
95 http GET https://registry.npmjs.org/oj-markdown
96 verbose registry.get underscore not expired, no request
97 verbose addNamed [ 'underscore', '1.4.4' ]
98 verbose addNamed [ '1.4.4', '1.4.4' ]
99 silly lockFile c6b5e825-underscore-1-4-4 underscore@1.4.4
100 verbose lock underscore@1.4.4 /Users/evan/.npm/c6b5e825-underscore-1-4-4.lock
101 verbose read json /Users/evan/.npm/underscore/1.4.4/package/package.json
102 silly lockFile c6b5e825-underscore-1-4-4 underscore@1.4.4
103 silly lockFile c6b5e825-underscore-1-4-4 underscore@1.4.4
104 silly lockFile 546e1155-underscore-latest underscore@latest
105 silly lockFile 546e1155-underscore-latest underscore@latest
106 info already installed underscore@1.4.4
107 http 404 https://registry.npmjs.org/oj-vimeo-video
108 silly registry.get cb [ 404,
108 silly registry.get   { server: 'CouchDB/1.3.0 (Erlang OTP/R15B03)',
108 silly registry.get     date: 'Sun, 26 May 2013 23:43:01 GMT',
108 silly registry.get     'content-type': 'application/json',
108 silly registry.get     'content-length': '52',
108 silly registry.get     'cache-control': 'must-revalidate' } ]
109 silly lockFile 5554062a-oj-vimeo-video-latest oj-vimeo-video@latest
110 silly lockFile 5554062a-oj-vimeo-video-latest oj-vimeo-video@latest
111 error 404 'oj-vimeo-video' is not in the npm registry.
111 error 404 You should bug the author to publish it
111 error 404
111 error 404 Note that you can also install from a
111 error 404 tarball, folder, or http url, or git url.
112 error System Darwin 12.3.0
113 error command "/usr/local/Cellar/node/0.10.4/bin/node" "/usr/local/bin/npm" "i"
114 error cwd /Users/evan/oj/pages
115 error node -v v0.10.4
116 error npm -v 1.2.18
117 error code E404
118 verbose exit [ 1, true ]
